<?xml version="1.0" encoding="UTF-8"?>
<!-- Generated by org.testng.reporters.JUnitReportReporter -->
<testsuite hostname="bonree-PC" name="com.lemon.app.WechatLoginCase" tests="1" failures="0" timestamp="14 Mar 2018 12:26:45 GMT" time="25.809" errors="0">
  <testcase name="test" time="25.809" classname="com.lemon.app.WechatLoginCase"/>
</testsuite> <!-- com.lemon.app.WechatLoginCase -->
