<?xml version="1.0" encoding="UTF-8"?>
<!-- Generated by org.testng.reporters.JUnitReportReporter -->
<testsuite hostname="bonree-PC" name="com.lemon.app.FutureLoanSwipe" tests="1" failures="0" timestamp="3 Apr 2018 01:58:06 GMT" time="0.788" errors="0">
  <testcase name="test" time="0.788" classname="com.lemon.app.FutureLoanSwipe"/>
</testsuite> <!-- com.lemon.app.FutureLoanSwipe -->
