<?xml version="1.0" encoding="UTF-8" ?>
<testsuite tests="1" failures="0" name="TestSuite" time="1,458.859" errors="0" skipped="0">
  <properties>
    <property name="java.runtime.name" value="Java(TM) SE Runtime Environment"/>
    <property name="sun.boot.library.path" value="D:\Program Files\Java\jdk_1.80\jre\bin"/>
    <property name="java.vm.version" value="25.121-b13"/>
    <property name="java.vm.vendor" value="Oracle Corporation"/>
    <property name="java.vendor.url" value="http://java.oracle.com/"/>
    <property name="path.separator" value=";"/>
    <property name="java.vm.name" value="Java HotSpot(TM) 64-Bit Server VM"/>
    <property name="file.encoding.pkg" value="sun.io"/>
    <property name="user.script" value=""/>
    <property name="user.country" value="CN"/>
    <property name="sun.java.launcher" value="SUN_STANDARD"/>
    <property name="sun.os.patch.level" value=""/>
    <property name="java.vm.specification.name" value="Java Virtual Machine Specification"/>
    <property name="user.dir" value="E:\Java_workspace\workspace001\phoenix_web_1"/>
    <property name="java.runtime.version" value="1.8.0_121-b13"/>
    <property name="java.awt.graphicsenv" value="sun.awt.Win32GraphicsEnvironment"/>
    <property name="basedir" value="E:\Java_workspace\workspace001\phoenix_web_1"/>
    <property name="java.endorsed.dirs" value="D:\Program Files\Java\jdk_1.80\jre\lib\endorsed"/>
    <property name="os.arch" value="amd64"/>
    <property name="surefire.real.class.path" value="E:\Java_workspace\workspace001\phoenix_web_1\target\surefire\surefirebooter2367708547178164386.jar"/>
    <property name="java.io.tmpdir" value="C:\Users\lenovo\AppData\Local\Temp\"/>
    <property name="line.separator" value="
"/>
    <property name="java.vm.specification.vendor" value="Oracle Corporation"/>
    <property name="user.variant" value=""/>
    <property name="os.name" value="Windows 10"/>
    <property name="sun.jnu.encoding" value="GBK"/>
    <property name="jnidispatch.path" value="C:\Users\lenovo\AppData\Local\Temp\jna--1106355917\jna4089645511990284314.dll"/>
    <property name="java.library.path" value="D:\Program Files\Java\jdk_1.80\jre\bin;C:\WINDOWS\Sun\Java\bin;C:\WINDOWS\system32;C:\WINDOWS;D:/Program Files/Java/jdk_1.80/bin/../jre/bin/server;D:/Program Files/Java/jdk_1.80/bin/../jre/bin;D:/Program Files/Java/jdk_1.80/bin/../jre/lib/amd64;D:\Program Files\Java\jdk_1.80\bin;D:\Program Files\Java\jdk_1.80\jre\bin;E:\python3.6.1\Scripts\;E:\python3.6.1\;C:\ProgramData\Oracle\Java\javapath;C:\Program Files (x86)\Intel\iCLS Client\;C:\Program Files\Intel\iCLS Client\;C:\WINDOWS\system32;C:\WINDOWS;C:\WINDOWS\System32\Wbem;C:\WINDOWS\System32\WindowsPowerShell\v1.0\;C:\Program Files (x86)\Intel\Intel(R) Management Engine Components\DAL;C:\Program Files\Intel\Intel(R) Management Engine Components\DAL;C:\Program Files (x86)\Intel\Intel(R) Management Engine Components\IPT;C:\Program Files\Intel\Intel(R) Management Engine Components\IPT;C:\Program Files\Intel\WiFi\bin\;C:\Program Files\Common Files\Intel\WirelessCommon\;D:\Program Files\nodejs\;E:\软件测试\Java全栈\ADT\sdk\tools;E:\软件测试\Java全栈\ADT\sdk\platform-tools;D:\Program Files (x86)\Appium\node_modules\.bin;E:\软件测试\Java全栈\ADT\sdk\build-tools\android-4.4W;D:\Program Files\Nox\bin;D:\Program Files\VisualSVN Server\bin;D:\Program Files\TortoiseSVN\bin;C:\Users\lenovo\AppData\Local\Microsoft\WindowsApps;C:\Users\lenovo\AppData\Roaming\npm;;E:\软件测试\Java全栈\eclipse;;."/>
    <property name="surefire.test.class.path" value="E:\Java_workspace\workspace001\phoenix_web_1\target\test-classes;E:\Java_workspace\workspace001\phoenix_web_1\target\classes;E:\repository\org\seleniumhq\selenium\selenium-java\3.5.1\selenium-java-3.5.1.jar;E:\repository\org\seleniumhq\selenium\selenium-api\3.5.1\selenium-api-3.5.1.jar;E:\repository\org\seleniumhq\selenium\selenium-chrome-driver\3.5.1\selenium-chrome-driver-3.5.1.jar;E:\repository\org\seleniumhq\selenium\selenium-edge-driver\3.5.1\selenium-edge-driver-3.5.1.jar;E:\repository\org\seleniumhq\selenium\selenium-firefox-driver\3.5.1\selenium-firefox-driver-3.5.1.jar;E:\repository\org\seleniumhq\selenium\selenium-ie-driver\3.5.1\selenium-ie-driver-3.5.1.jar;E:\repository\org\seleniumhq\selenium\selenium-opera-driver\3.5.1\selenium-opera-driver-3.5.1.jar;E:\repository\org\seleniumhq\selenium\selenium-remote-driver\3.5.1\selenium-remote-driver-3.5.1.jar;E:\repository\org\seleniumhq\selenium\selenium-safari-driver\3.5.1\selenium-safari-driver-3.5.1.jar;E:\repository\org\seleniumhq\selenium\selenium-support\3.5.1\selenium-support-3.5.1.jar;E:\repository\cglib\cglib-nodep\3.2.4\cglib-nodep-3.2.4.jar;E:\repository\org\apache\commons\commons-exec\1.3\commons-exec-1.3.jar;E:\repository\org\apache\commons\commons-lang3\3.5\commons-lang3-3.5.jar;E:\repository\commons-codec\commons-codec\1.10\commons-codec-1.10.jar;E:\repository\commons-io\commons-io\2.5\commons-io-2.5.jar;E:\repository\commons-logging\commons-logging\1.2\commons-logging-1.2.jar;E:\repository\org\w3c\css\sac\1.3\sac-1.3.jar;E:\repository\net\sourceforge\cssparser\cssparser\0.9.23\cssparser-0.9.23.jar;E:\repository\com\google\code\gson\gson\2.8.0\gson-2.8.0.jar;E:\repository\com\google\guava\guava\23.0\guava-23.0.jar;E:\repository\com\google\code\findbugs\jsr305\1.3.9\jsr305-1.3.9.jar;E:\repository\com\google\errorprone\error_prone_annotations\2.0.18\error_prone_annotations-2.0.18.jar;E:\repository\com\google\j2objc\j2objc-annotations\1.1\j2objc-annotations-1.1.jar;E:\repository\org\codehaus\mojo\animal-sniffer-annotations\1.14\animal-sniffer-annotations-1.14.jar;E:\repository\org\hamcrest\hamcrest-core\1.3\hamcrest-core-1.3.jar;E:\repository\net\sourceforge\htmlunit\htmlunit\2.27\htmlunit-2.27.jar;E:\repository\net\sourceforge\htmlunit\htmlunit-core-js\2.27\htmlunit-core-js-2.27.jar;E:\repository\net\sourceforge\htmlunit\neko-htmlunit\2.27\neko-htmlunit-2.27.jar;E:\repository\org\apache\httpcomponents\httpclient\4.5.3\httpclient-4.5.3.jar;E:\repository\org\apache\httpcomponents\httpcore\4.4.6\httpcore-4.4.6.jar;E:\repository\org\apache\httpcomponents\httpmime\4.5.3\httpmime-4.5.3.jar;E:\repository\org\eclipse\jetty\jetty-client\9.4.5.v20170502\jetty-client-9.4.5.v20170502.jar;E:\repository\org\eclipse\jetty\jetty-http\9.4.5.v20170502\jetty-http-9.4.5.v20170502.jar;E:\repository\org\eclipse\jetty\jetty-io\9.4.5.v20170502\jetty-io-9.4.5.v20170502.jar;E:\repository\org\eclipse\jetty\jetty-util\9.4.5.v20170502\jetty-util-9.4.5.v20170502.jar;E:\repository\net\java\dev\jna\jna\4.1.0\jna-4.1.0.jar;E:\repository\net\java\dev\jna\jna-platform\4.1.0\jna-platform-4.1.0.jar;E:\repository\com\codeborne\phantomjsdriver\1.4.0\phantomjsdriver-1.4.0.jar;E:\repository\org\seleniumhq\selenium\htmlunit-driver\2.27\htmlunit-driver-2.27.jar;E:\repository\javax\servlet\javax.servlet-api\3.1.0\javax.servlet-api-3.1.0.jar;E:\repository\org\eclipse\jetty\websocket\websocket-api\9.4.5.v20170502\websocket-api-9.4.5.v20170502.jar;E:\repository\org\eclipse\jetty\websocket\websocket-client\9.4.5.v20170502\websocket-client-9.4.5.v20170502.jar;E:\repository\org\eclipse\jetty\websocket\websocket-common\9.4.5.v20170502\websocket-common-9.4.5.v20170502.jar;E:\repository\xalan\serializer\2.7.2\serializer-2.7.2.jar;E:\repository\xalan\xalan\2.7.2\xalan-2.7.2.jar;E:\repository\xerces\xercesImpl\2.11.0\xercesImpl-2.11.0.jar;E:\repository\xml-apis\xml-apis\1.4.01\xml-apis-1.4.01.jar;E:\repository\log4j\log4j\1.2.17\log4j-1.2.17.jar;E:\repository\dom4j\dom4j\1.6.1\dom4j-1.6.1.jar;E:\repository\mysql\mysql-connector-java\5.1.38\mysql-connector-java-5.1.38.jar;E:\repository\junit\junit\4.10\junit-4.10.jar;E:\repository\org\testng\testng\6.8.8\testng-6.8.8.jar;E:\repository\org\beanshell\bsh\2.0b4\bsh-2.0b4.jar;E:\repository\com\beust\jcommander\1.27\jcommander-1.27.jar;E:\repository\org\apache\poi\poi-ooxml\3.15\poi-ooxml-3.15.jar;E:\repository\org\apache\poi\poi\3.15\poi-3.15.jar;E:\repository\org\apache\commons\commons-collections4\4.1\commons-collections4-4.1.jar;E:\repository\org\apache\poi\poi-ooxml-schemas\3.15\poi-ooxml-schemas-3.15.jar;E:\repository\org\apache\xmlbeans\xmlbeans\2.6.0\xmlbeans-2.6.0.jar;E:\repository\stax\stax-api\1.0.1\stax-api-1.0.1.jar;E:\repository\com\github\virtuald\curvesapi\1.04\curvesapi-1.04.jar;E:\repository\org\uncommons\reportng\1.1.4\reportng-1.1.4.jar;E:\repository\velocity\velocity\1.4\velocity-1.4.jar;E:\repository\velocity\velocity-dep\1.4\velocity-dep-1.4.jar;E:\repository\com\google\inject\guice\3.0\guice-3.0.jar;E:\repository\javax\inject\javax.inject\1\javax.inject-1.jar;E:\repository\aopalliance\aopalliance\1.0\aopalliance-1.0.jar;E:\repository\javax\mail\mail\1.5.0-b01\mail-1.5.0-b01.jar;E:\repository\javax\activation\activation\1.1\activation-1.1.jar;"/>
    <property name="java.specification.name" value="Java Platform API Specification"/>
    <property name="java.class.version" value="52.0"/>
    <property name="sun.management.compiler" value="HotSpot 64-Bit Tiered Compilers"/>
    <property name="os.version" value="10.0"/>
    <property name="user.home" value="C:\Users\lenovo"/>
    <property name="user.timezone" value="Asia/Shanghai"/>
    <property name="java.awt.printerjob" value="sun.awt.windows.WPrinterJob"/>
    <property name="java.specification.version" value="1.8"/>
    <property name="file.encoding" value="UTF-8"/>
    <property name="webdriver.gecko.driver" value="src\\test\\resources\\geckodriver.exe"/>
    <property name="user.name" value="lenovo"/>
    <property name="java.class.path" value="E:\Java_workspace\workspace001\phoenix_web_1\target\test-classes;E:\Java_workspace\workspace001\phoenix_web_1\target\classes;E:\repository\org\seleniumhq\selenium\selenium-java\3.5.1\selenium-java-3.5.1.jar;E:\repository\org\seleniumhq\selenium\selenium-api\3.5.1\selenium-api-3.5.1.jar;E:\repository\org\seleniumhq\selenium\selenium-chrome-driver\3.5.1\selenium-chrome-driver-3.5.1.jar;E:\repository\org\seleniumhq\selenium\selenium-edge-driver\3.5.1\selenium-edge-driver-3.5.1.jar;E:\repository\org\seleniumhq\selenium\selenium-firefox-driver\3.5.1\selenium-firefox-driver-3.5.1.jar;E:\repository\org\seleniumhq\selenium\selenium-ie-driver\3.5.1\selenium-ie-driver-3.5.1.jar;E:\repository\org\seleniumhq\selenium\selenium-opera-driver\3.5.1\selenium-opera-driver-3.5.1.jar;E:\repository\org\seleniumhq\selenium\selenium-remote-driver\3.5.1\selenium-remote-driver-3.5.1.jar;E:\repository\org\seleniumhq\selenium\selenium-safari-driver\3.5.1\selenium-safari-driver-3.5.1.jar;E:\repository\org\seleniumhq\selenium\selenium-support\3.5.1\selenium-support-3.5.1.jar;E:\repository\cglib\cglib-nodep\3.2.4\cglib-nodep-3.2.4.jar;E:\repository\org\apache\commons\commons-exec\1.3\commons-exec-1.3.jar;E:\repository\org\apache\commons\commons-lang3\3.5\commons-lang3-3.5.jar;E:\repository\commons-codec\commons-codec\1.10\commons-codec-1.10.jar;E:\repository\commons-io\commons-io\2.5\commons-io-2.5.jar;E:\repository\commons-logging\commons-logging\1.2\commons-logging-1.2.jar;E:\repository\org\w3c\css\sac\1.3\sac-1.3.jar;E:\repository\net\sourceforge\cssparser\cssparser\0.9.23\cssparser-0.9.23.jar;E:\repository\com\google\code\gson\gson\2.8.0\gson-2.8.0.jar;E:\repository\com\google\guava\guava\23.0\guava-23.0.jar;E:\repository\com\google\code\findbugs\jsr305\1.3.9\jsr305-1.3.9.jar;E:\repository\com\google\errorprone\error_prone_annotations\2.0.18\error_prone_annotations-2.0.18.jar;E:\repository\com\google\j2objc\j2objc-annotations\1.1\j2objc-annotations-1.1.jar;E:\repository\org\codehaus\mojo\animal-sniffer-annotations\1.14\animal-sniffer-annotations-1.14.jar;E:\repository\org\hamcrest\hamcrest-core\1.3\hamcrest-core-1.3.jar;E:\repository\net\sourceforge\htmlunit\htmlunit\2.27\htmlunit-2.27.jar;E:\repository\net\sourceforge\htmlunit\htmlunit-core-js\2.27\htmlunit-core-js-2.27.jar;E:\repository\net\sourceforge\htmlunit\neko-htmlunit\2.27\neko-htmlunit-2.27.jar;E:\repository\org\apache\httpcomponents\httpclient\4.5.3\httpclient-4.5.3.jar;E:\repository\org\apache\httpcomponents\httpcore\4.4.6\httpcore-4.4.6.jar;E:\repository\org\apache\httpcomponents\httpmime\4.5.3\httpmime-4.5.3.jar;E:\repository\org\eclipse\jetty\jetty-client\9.4.5.v20170502\jetty-client-9.4.5.v20170502.jar;E:\repository\org\eclipse\jetty\jetty-http\9.4.5.v20170502\jetty-http-9.4.5.v20170502.jar;E:\repository\org\eclipse\jetty\jetty-io\9.4.5.v20170502\jetty-io-9.4.5.v20170502.jar;E:\repository\org\eclipse\jetty\jetty-util\9.4.5.v20170502\jetty-util-9.4.5.v20170502.jar;E:\repository\net\java\dev\jna\jna\4.1.0\jna-4.1.0.jar;E:\repository\net\java\dev\jna\jna-platform\4.1.0\jna-platform-4.1.0.jar;E:\repository\com\codeborne\phantomjsdriver\1.4.0\phantomjsdriver-1.4.0.jar;E:\repository\org\seleniumhq\selenium\htmlunit-driver\2.27\htmlunit-driver-2.27.jar;E:\repository\javax\servlet\javax.servlet-api\3.1.0\javax.servlet-api-3.1.0.jar;E:\repository\org\eclipse\jetty\websocket\websocket-api\9.4.5.v20170502\websocket-api-9.4.5.v20170502.jar;E:\repository\org\eclipse\jetty\websocket\websocket-client\9.4.5.v20170502\websocket-client-9.4.5.v20170502.jar;E:\repository\org\eclipse\jetty\websocket\websocket-common\9.4.5.v20170502\websocket-common-9.4.5.v20170502.jar;E:\repository\xalan\serializer\2.7.2\serializer-2.7.2.jar;E:\repository\xalan\xalan\2.7.2\xalan-2.7.2.jar;E:\repository\xerces\xercesImpl\2.11.0\xercesImpl-2.11.0.jar;E:\repository\xml-apis\xml-apis\1.4.01\xml-apis-1.4.01.jar;E:\repository\log4j\log4j\1.2.17\log4j-1.2.17.jar;E:\repository\dom4j\dom4j\1.6.1\dom4j-1.6.1.jar;E:\repository\mysql\mysql-connector-java\5.1.38\mysql-connector-java-5.1.38.jar;E:\repository\junit\junit\4.10\junit-4.10.jar;E:\repository\org\testng\testng\6.8.8\testng-6.8.8.jar;E:\repository\org\beanshell\bsh\2.0b4\bsh-2.0b4.jar;E:\repository\com\beust\jcommander\1.27\jcommander-1.27.jar;E:\repository\org\apache\poi\poi-ooxml\3.15\poi-ooxml-3.15.jar;E:\repository\org\apache\poi\poi\3.15\poi-3.15.jar;E:\repository\org\apache\commons\commons-collections4\4.1\commons-collections4-4.1.jar;E:\repository\org\apache\poi\poi-ooxml-schemas\3.15\poi-ooxml-schemas-3.15.jar;E:\repository\org\apache\xmlbeans\xmlbeans\2.6.0\xmlbeans-2.6.0.jar;E:\repository\stax\stax-api\1.0.1\stax-api-1.0.1.jar;E:\repository\com\github\virtuald\curvesapi\1.04\curvesapi-1.04.jar;E:\repository\org\uncommons\reportng\1.1.4\reportng-1.1.4.jar;E:\repository\velocity\velocity\1.4\velocity-1.4.jar;E:\repository\velocity\velocity-dep\1.4\velocity-dep-1.4.jar;E:\repository\com\google\inject\guice\3.0\guice-3.0.jar;E:\repository\javax\inject\javax.inject\1\javax.inject-1.jar;E:\repository\aopalliance\aopalliance\1.0\aopalliance-1.0.jar;E:\repository\javax\mail\mail\1.5.0-b01\mail-1.5.0-b01.jar;E:\repository\javax\activation\activation\1.1\activation-1.1.jar;"/>
    <property name="java.vm.specification.version" value="1.8"/>
    <property name="sun.arch.data.model" value="64"/>
    <property name="java.home" value="D:\Program Files\Java\jdk_1.80\jre"/>
    <property name="sun.java.command" value="E:\Java_workspace\workspace001\phoenix_web_1\target\surefire\surefirebooter2367708547178164386.jar E:\Java_workspace\workspace001\phoenix_web_1\target\surefire\surefire1567276571714638955tmp E:\Java_workspace\workspace001\phoenix_web_1\target\surefire\surefire7170881943702267570tmp"/>
    <property name="java.specification.vendor" value="Oracle Corporation"/>
    <property name="user.language" value="zh"/>
    <property name="awt.toolkit" value="sun.awt.windows.WToolkit"/>
    <property name="java.vm.info" value="mixed mode"/>
    <property name="java.version" value="1.8.0_121"/>
    <property name="java.ext.dirs" value="D:\Program Files\Java\jdk_1.80\jre\lib\ext;C:\WINDOWS\Sun\Java\lib\ext"/>
    <property name="sun.boot.class.path" value="D:\Program Files\Java\jdk_1.80\jre\lib\resources.jar;D:\Program Files\Java\jdk_1.80\jre\lib\rt.jar;D:\Program Files\Java\jdk_1.80\jre\lib\sunrsasign.jar;D:\Program Files\Java\jdk_1.80\jre\lib\jsse.jar;D:\Program Files\Java\jdk_1.80\jre\lib\jce.jar;D:\Program Files\Java\jdk_1.80\jre\lib\charsets.jar;D:\Program Files\Java\jdk_1.80\jre\lib\jfr.jar;D:\Program Files\Java\jdk_1.80\jre\classes"/>
    <property name="java.vendor" value="Oracle Corporation"/>
    <property name="org.uncommons.reportng.escape-output" value="false"/>
    <property name="localRepository" value="E:\repository"/>
    <property name="file.separator" value="\"/>
    <property name="java.vendor.url.bug" value="http://bugreport.sun.com/bugreport/"/>
    <property name="sun.cpu.endian" value="little"/>
    <property name="sun.io.unicode.encoding" value="UnicodeLittle"/>
    <property name="sun.desktop" value="windows"/>
    <property name="sun.cpu.isalist" value="amd64"/>
  </properties>
  <testcase classname="com.lemon.phoenix.RegisterPage" name="testSuccessdatas" time="45.489"/>
</testsuite>