<?xml version="1.0" encoding="UTF-8" ?>
<<<<<<< HEAD
<testsuite tests="1" failures="1" name="TestSuite" time="40.314" errors="0" skipped="0">
=======
<testsuite tests="1" failures="1" name="TestSuite" time="76.347" errors="0" skipped="0">
>>>>>>> branch 'master' of https://github.com/rodon557/home_repository.git
  <properties>
    <property name="java.runtime.name" value="Java(TM) SE Runtime Environment"/>
    <property name="sun.boot.library.path" value="D:\JAVA\jdk_1.80\jre\bin"/>
    <property name="java.vm.version" value="25.121-b13"/>
    <property name="java.vm.vendor" value="Oracle Corporation"/>
    <property name="java.vendor.url" value="http://java.oracle.com/"/>
    <property name="path.separator" value=";"/>
    <property name="java.vm.name" value="Java HotSpot(TM) 64-Bit Server VM"/>
    <property name="file.encoding.pkg" value="sun.io"/>
    <property name="user.script" value=""/>
    <property name="user.country" value="CN"/>
    <property name="sun.java.launcher" value="SUN_STANDARD"/>
    <property name="sun.os.patch.level" value="Service Pack 1"/>
    <property name="java.vm.specification.name" value="Java Virtual Machine Specification"/>
<<<<<<< HEAD
    <property name="user.dir" value="E:\bonree\test\home_repository\phoenix_web_1"/>
=======
    <property name="user.dir" value="E:\Java_workspace\workspace002\home_repository\phoenix_web_1"/>
>>>>>>> branch 'master' of https://github.com/rodon557/home_repository.git
    <property name="java.runtime.version" value="1.8.0_121-b13"/>
    <property name="java.awt.graphicsenv" value="sun.awt.Win32GraphicsEnvironment"/>
<<<<<<< HEAD
    <property name="basedir" value="E:\bonree\test\home_repository\phoenix_web_1"/>
    <property name="java.endorsed.dirs" value="D:\JAVA\jdk_1.80\jre\lib\endorsed"/>
=======
    <property name="basedir" value="E:\Java_workspace\workspace002\home_repository\phoenix_web_1"/>
    <property name="java.endorsed.dirs" value="D:\Program Files\Java\jdk_1.80\jre\lib\endorsed"/>
>>>>>>> branch 'master' of https://github.com/rodon557/home_repository.git
    <property name="os.arch" value="amd64"/>
<<<<<<< HEAD
    <property name="surefire.real.class.path" value="E:\bonree\test\home_repository\phoenix_web_1\target\surefire\surefirebooter8490591093707624485.jar"/>
    <property name="java.io.tmpdir" value="C:\Users\bonree\AppData\Local\Temp\"/>
=======
    <property name="surefire.real.class.path" value="E:\Java_workspace\workspace002\home_repository\phoenix_web_1\target\surefire\surefirebooter5826258579393137740.jar"/>
    <property name="java.io.tmpdir" value="C:\Users\lenovo\AppData\Local\Temp\"/>
>>>>>>> branch 'master' of https://github.com/rodon557/home_repository.git
    <property name="line.separator" value="
"/>
    <property name="java.vm.specification.vendor" value="Oracle Corporation"/>
    <property name="user.variant" value=""/>
    <property name="os.name" value="Windows 7"/>
    <property name="sun.jnu.encoding" value="GBK"/>
<<<<<<< HEAD
    <property name="jnidispatch.path" value="C:\Users\bonree\AppData\Local\Temp\jna--1383409871\jna5732075775137722394.dll"/>
    <property name="java.library.path" value="D:\JAVA\jdk_1.80\jre\bin;C:\Windows\Sun\Java\bin;C:\Windows\system32;C:\Windows;D:/JAVA/jre8/bin/server;D:/JAVA/jre8/bin;D:/JAVA/jre8/lib/amd64;C:\Program Files (x86)\360\360DeskTop;C:\ProgramData\Oracle\Java\javapath;C:\Windows\system32;C:\Windows;C:\Windows\System32\Wbem;C:\Windows\System32\WindowsPowerShell\v1.0\;E:\OpenVPN\bin;D:\JAVA\jdk_1.80\bin;D:\JAVA\jdk_1.80\jre\bin;F:\python;C:\Program Files (x86)\HP\Unified Functional Testing\bin;C:\strawberry\c\bin;C:\strawberry\perl\bin;D:\Program Files\nodejs\;D:\Program Files\nodejs-0.10.38\;C:\Program Files\Git\cmd;F:\Users\bonree\AppData\Local\Android\android-sdk\platform-tools;F:\Users\bonree\AppData\Local\Android\android-sdk\tools;F:\Users\bonree\AppData\Local\Android\android-sdk\build-tools\26.0.0;F:\Program Files (x86)\Appium\node_modules\.bin;C:\Program Files (x86)\7-Zip;C:\Program Files\TortoiseSVN\bin;D:\apache-maven-3.3.9\bin;C:\Users\bonree\AppData\Roaming\npm;D:\eclipse\eclipse;;."/>
    <property name="surefire.test.class.path" value="E:\bonree\test\home_repository\phoenix_web_1\target\test-classes;E:\bonree\test\home_repository\phoenix_web_1\target\classes;F:\Program Files\repository\org\seleniumhq\selenium\selenium-java\3.5.1\selenium-java-3.5.1.jar;F:\Program Files\repository\org\seleniumhq\selenium\selenium-api\3.5.1\selenium-api-3.5.1.jar;F:\Program Files\repository\org\seleniumhq\selenium\selenium-chrome-driver\3.5.1\selenium-chrome-driver-3.5.1.jar;F:\Program Files\repository\org\seleniumhq\selenium\selenium-edge-driver\3.5.1\selenium-edge-driver-3.5.1.jar;F:\Program Files\repository\org\seleniumhq\selenium\selenium-firefox-driver\3.5.1\selenium-firefox-driver-3.5.1.jar;F:\Program Files\repository\org\seleniumhq\selenium\selenium-ie-driver\3.5.1\selenium-ie-driver-3.5.1.jar;F:\Program Files\repository\org\seleniumhq\selenium\selenium-opera-driver\3.5.1\selenium-opera-driver-3.5.1.jar;F:\Program Files\repository\org\seleniumhq\selenium\selenium-remote-driver\3.5.1\selenium-remote-driver-3.5.1.jar;F:\Program Files\repository\org\seleniumhq\selenium\selenium-safari-driver\3.5.1\selenium-safari-driver-3.5.1.jar;F:\Program Files\repository\org\seleniumhq\selenium\selenium-support\3.5.1\selenium-support-3.5.1.jar;F:\Program Files\repository\cglib\cglib-nodep\3.2.4\cglib-nodep-3.2.4.jar;F:\Program Files\repository\org\apache\commons\commons-exec\1.3\commons-exec-1.3.jar;F:\Program Files\repository\org\apache\commons\commons-lang3\3.5\commons-lang3-3.5.jar;F:\Program Files\repository\commons-codec\commons-codec\1.10\commons-codec-1.10.jar;F:\Program Files\repository\commons-io\commons-io\2.5\commons-io-2.5.jar;F:\Program Files\repository\commons-logging\commons-logging\1.2\commons-logging-1.2.jar;F:\Program Files\repository\org\w3c\css\sac\1.3\sac-1.3.jar;F:\Program Files\repository\net\sourceforge\cssparser\cssparser\0.9.23\cssparser-0.9.23.jar;F:\Program Files\repository\com\google\code\gson\gson\2.8.0\gson-2.8.0.jar;F:\Program Files\repository\com\google\guava\guava\23.0\guava-23.0.jar;F:\Program Files\repository\com\google\code\findbugs\jsr305\1.3.9\jsr305-1.3.9.jar;F:\Program Files\repository\com\google\errorprone\error_prone_annotations\2.0.18\error_prone_annotations-2.0.18.jar;F:\Program Files\repository\com\google\j2objc\j2objc-annotations\1.1\j2objc-annotations-1.1.jar;F:\Program Files\repository\org\codehaus\mojo\animal-sniffer-annotations\1.14\animal-sniffer-annotations-1.14.jar;F:\Program Files\repository\org\hamcrest\hamcrest-core\1.3\hamcrest-core-1.3.jar;F:\Program Files\repository\net\sourceforge\htmlunit\htmlunit\2.27\htmlunit-2.27.jar;F:\Program Files\repository\net\sourceforge\htmlunit\htmlunit-core-js\2.27\htmlunit-core-js-2.27.jar;F:\Program Files\repository\net\sourceforge\htmlunit\neko-htmlunit\2.27\neko-htmlunit-2.27.jar;F:\Program Files\repository\org\apache\httpcomponents\httpclient\4.5.3\httpclient-4.5.3.jar;F:\Program Files\repository\org\apache\httpcomponents\httpcore\4.4.6\httpcore-4.4.6.jar;F:\Program Files\repository\org\apache\httpcomponents\httpmime\4.5.3\httpmime-4.5.3.jar;F:\Program Files\repository\org\eclipse\jetty\jetty-client\9.4.5.v20170502\jetty-client-9.4.5.v20170502.jar;F:\Program Files\repository\org\eclipse\jetty\jetty-http\9.4.5.v20170502\jetty-http-9.4.5.v20170502.jar;F:\Program Files\repository\org\eclipse\jetty\jetty-io\9.4.5.v20170502\jetty-io-9.4.5.v20170502.jar;F:\Program Files\repository\org\eclipse\jetty\jetty-util\9.4.5.v20170502\jetty-util-9.4.5.v20170502.jar;F:\Program Files\repository\net\java\dev\jna\jna\4.1.0\jna-4.1.0.jar;F:\Program Files\repository\net\java\dev\jna\jna-platform\4.1.0\jna-platform-4.1.0.jar;F:\Program Files\repository\com\codeborne\phantomjsdriver\1.4.0\phantomjsdriver-1.4.0.jar;F:\Program Files\repository\org\seleniumhq\selenium\htmlunit-driver\2.27\htmlunit-driver-2.27.jar;F:\Program Files\repository\javax\servlet\javax.servlet-api\3.1.0\javax.servlet-api-3.1.0.jar;F:\Program Files\repository\org\eclipse\jetty\websocket\websocket-api\9.4.5.v20170502\websocket-api-9.4.5.v20170502.jar;F:\Program Files\repository\org\eclipse\jetty\websocket\websocket-client\9.4.5.v20170502\websocket-client-9.4.5.v20170502.jar;F:\Program Files\repository\org\eclipse\jetty\websocket\websocket-common\9.4.5.v20170502\websocket-common-9.4.5.v20170502.jar;F:\Program Files\repository\xalan\serializer\2.7.2\serializer-2.7.2.jar;F:\Program Files\repository\xalan\xalan\2.7.2\xalan-2.7.2.jar;F:\Program Files\repository\xerces\xercesImpl\2.11.0\xercesImpl-2.11.0.jar;F:\Program Files\repository\xml-apis\xml-apis\1.4.01\xml-apis-1.4.01.jar;F:\Program Files\repository\log4j\log4j\1.2.17\log4j-1.2.17.jar;F:\Program Files\repository\dom4j\dom4j\1.6.1\dom4j-1.6.1.jar;F:\Program Files\repository\mysql\mysql-connector-java\5.1.38\mysql-connector-java-5.1.38.jar;F:\Program Files\repository\junit\junit\4.10\junit-4.10.jar;F:\Program Files\repository\org\testng\testng\6.8.8\testng-6.8.8.jar;F:\Program Files\repository\org\beanshell\bsh\2.0b4\bsh-2.0b4.jar;F:\Program Files\repository\com\beust\jcommander\1.27\jcommander-1.27.jar;F:\Program Files\repository\org\apache\poi\poi-ooxml\3.15\poi-ooxml-3.15.jar;F:\Program Files\repository\org\apache\poi\poi\3.15\poi-3.15.jar;F:\Program Files\repository\org\apache\commons\commons-collections4\4.1\commons-collections4-4.1.jar;F:\Program Files\repository\org\apache\poi\poi-ooxml-schemas\3.15\poi-ooxml-schemas-3.15.jar;F:\Program Files\repository\org\apache\xmlbeans\xmlbeans\2.6.0\xmlbeans-2.6.0.jar;F:\Program Files\repository\stax\stax-api\1.0.1\stax-api-1.0.1.jar;F:\Program Files\repository\com\github\virtuald\curvesapi\1.04\curvesapi-1.04.jar;F:\Program Files\repository\org\uncommons\reportng\1.1.4\reportng-1.1.4.jar;F:\Program Files\repository\velocity\velocity\1.4\velocity-1.4.jar;F:\Program Files\repository\velocity\velocity-dep\1.4\velocity-dep-1.4.jar;F:\Program Files\repository\com\google\inject\guice\3.0\guice-3.0.jar;F:\Program Files\repository\javax\inject\javax.inject\1\javax.inject-1.jar;F:\Program Files\repository\aopalliance\aopalliance\1.0\aopalliance-1.0.jar;F:\Program Files\repository\javax\mail\mail\1.5.0-b01\mail-1.5.0-b01.jar;F:\Program Files\repository\javax\activation\activation\1.1\activation-1.1.jar;"/>
=======
    <property name="jnidispatch.path" value="C:\Users\lenovo\AppData\Local\Temp\jna--1106355917\jna1020004086037860253.dll"/>
    <property name="java.library.path" value="D:\Program Files\Java\jdk_1.80\jre\bin;C:\WINDOWS\Sun\Java\bin;C:\WINDOWS\system32;C:\WINDOWS;D:/Program Files/Java/jdk_1.80/bin/../jre/bin/server;D:/Program Files/Java/jdk_1.80/bin/../jre/bin;D:/Program Files/Java/jdk_1.80/bin/../jre/lib/amd64;D:\Program Files\Java\jdk_1.80\bin;D:\Program Files\Java\jdk_1.80\jre\bin;E:\python3.6.1\Scripts\;E:\python3.6.1\;C:\ProgramData\Oracle\Java\javapath;C:\Program Files (x86)\Intel\iCLS Client\;C:\Program Files\Intel\iCLS Client\;C:\WINDOWS\system32;C:\WINDOWS;C:\WINDOWS\System32\Wbem;C:\WINDOWS\System32\WindowsPowerShell\v1.0\;C:\Program Files (x86)\Intel\Intel(R) Management Engine Components\DAL;C:\Program Files\Intel\Intel(R) Management Engine Components\DAL;C:\Program Files (x86)\Intel\Intel(R) Management Engine Components\IPT;C:\Program Files\Intel\Intel(R) Management Engine Components\IPT;C:\Program Files\Intel\WiFi\bin\;C:\Program Files\Common Files\Intel\WirelessCommon\;D:\Program Files\nodejs\;E:\软件测试\Java全栈\ADT\sdk\tools;E:\软件测试\Java全栈\ADT\sdk\platform-tools;D:\Program Files (x86)\Appium\node_modules\.bin;E:\软件测试\Java全栈\ADT\sdk\build-tools\android-4.4W;D:\Program Files\Nox\bin;D:\Program Files\VisualSVN Server\bin;D:\Program Files\TortoiseSVN\bin;D:\Program Files\Git\bin;C:\Users\lenovo\AppData\Local\Microsoft\WindowsApps;C:\Users\lenovo\AppData\Roaming\npm;;E:\软件测试\Java全栈\eclipse;;."/>
    <property name="surefire.test.class.path" value="E:\Java_workspace\workspace002\home_repository\phoenix_web_1\target\test-classes;E:\Java_workspace\workspace002\home_repository\phoenix_web_1\target\classes;C:\Users\lenovo\.m2\repository\org\seleniumhq\selenium\selenium-java\3.5.1\selenium-java-3.5.1.jar;C:\Users\lenovo\.m2\repository\org\seleniumhq\selenium\selenium-api\3.5.1\selenium-api-3.5.1.jar;C:\Users\lenovo\.m2\repository\org\seleniumhq\selenium\selenium-chrome-driver\3.5.1\selenium-chrome-driver-3.5.1.jar;C:\Users\lenovo\.m2\repository\org\seleniumhq\selenium\selenium-edge-driver\3.5.1\selenium-edge-driver-3.5.1.jar;C:\Users\lenovo\.m2\repository\org\seleniumhq\selenium\selenium-firefox-driver\3.5.1\selenium-firefox-driver-3.5.1.jar;C:\Users\lenovo\.m2\repository\org\seleniumhq\selenium\selenium-ie-driver\3.5.1\selenium-ie-driver-3.5.1.jar;C:\Users\lenovo\.m2\repository\org\seleniumhq\selenium\selenium-opera-driver\3.5.1\selenium-opera-driver-3.5.1.jar;C:\Users\lenovo\.m2\repository\org\seleniumhq\selenium\selenium-remote-driver\3.5.1\selenium-remote-driver-3.5.1.jar;C:\Users\lenovo\.m2\repository\org\seleniumhq\selenium\selenium-safari-driver\3.5.1\selenium-safari-driver-3.5.1.jar;C:\Users\lenovo\.m2\repository\org\seleniumhq\selenium\selenium-support\3.5.1\selenium-support-3.5.1.jar;C:\Users\lenovo\.m2\repository\cglib\cglib-nodep\3.2.4\cglib-nodep-3.2.4.jar;C:\Users\lenovo\.m2\repository\org\apache\commons\commons-exec\1.3\commons-exec-1.3.jar;C:\Users\lenovo\.m2\repository\org\apache\commons\commons-lang3\3.5\commons-lang3-3.5.jar;C:\Users\lenovo\.m2\repository\commons-codec\commons-codec\1.10\commons-codec-1.10.jar;C:\Users\lenovo\.m2\repository\commons-io\commons-io\2.5\commons-io-2.5.jar;C:\Users\lenovo\.m2\repository\commons-logging\commons-logging\1.2\commons-logging-1.2.jar;C:\Users\lenovo\.m2\repository\org\w3c\css\sac\1.3\sac-1.3.jar;C:\Users\lenovo\.m2\repository\net\sourceforge\cssparser\cssparser\0.9.23\cssparser-0.9.23.jar;C:\Users\lenovo\.m2\repository\com\google\code\gson\gson\2.8.0\gson-2.8.0.jar;C:\Users\lenovo\.m2\repository\com\google\guava\guava\23.0\guava-23.0.jar;C:\Users\lenovo\.m2\repository\com\google\code\findbugs\jsr305\1.3.9\jsr305-1.3.9.jar;C:\Users\lenovo\.m2\repository\com\google\errorprone\error_prone_annotations\2.0.18\error_prone_annotations-2.0.18.jar;C:\Users\lenovo\.m2\repository\com\google\j2objc\j2objc-annotations\1.1\j2objc-annotations-1.1.jar;C:\Users\lenovo\.m2\repository\org\codehaus\mojo\animal-sniffer-annotations\1.14\animal-sniffer-annotations-1.14.jar;C:\Users\lenovo\.m2\repository\org\hamcrest\hamcrest-core\1.3\hamcrest-core-1.3.jar;C:\Users\lenovo\.m2\repository\net\sourceforge\htmlunit\htmlunit\2.27\htmlunit-2.27.jar;C:\Users\lenovo\.m2\repository\net\sourceforge\htmlunit\htmlunit-core-js\2.27\htmlunit-core-js-2.27.jar;C:\Users\lenovo\.m2\repository\net\sourceforge\htmlunit\neko-htmlunit\2.27\neko-htmlunit-2.27.jar;C:\Users\lenovo\.m2\repository\org\apache\httpcomponents\httpclient\4.5.3\httpclient-4.5.3.jar;C:\Users\lenovo\.m2\repository\org\apache\httpcomponents\httpcore\4.4.6\httpcore-4.4.6.jar;C:\Users\lenovo\.m2\repository\org\apache\httpcomponents\httpmime\4.5.3\httpmime-4.5.3.jar;C:\Users\lenovo\.m2\repository\org\eclipse\jetty\jetty-client\9.4.5.v20170502\jetty-client-9.4.5.v20170502.jar;C:\Users\lenovo\.m2\repository\org\eclipse\jetty\jetty-http\9.4.5.v20170502\jetty-http-9.4.5.v20170502.jar;C:\Users\lenovo\.m2\repository\org\eclipse\jetty\jetty-io\9.4.5.v20170502\jetty-io-9.4.5.v20170502.jar;C:\Users\lenovo\.m2\repository\org\eclipse\jetty\jetty-util\9.4.5.v20170502\jetty-util-9.4.5.v20170502.jar;C:\Users\lenovo\.m2\repository\net\java\dev\jna\jna\4.1.0\jna-4.1.0.jar;C:\Users\lenovo\.m2\repository\net\java\dev\jna\jna-platform\4.1.0\jna-platform-4.1.0.jar;C:\Users\lenovo\.m2\repository\com\codeborne\phantomjsdriver\1.4.0\phantomjsdriver-1.4.0.jar;C:\Users\lenovo\.m2\repository\org\seleniumhq\selenium\htmlunit-driver\2.27\htmlunit-driver-2.27.jar;C:\Users\lenovo\.m2\repository\javax\servlet\javax.servlet-api\3.1.0\javax.servlet-api-3.1.0.jar;C:\Users\lenovo\.m2\repository\org\eclipse\jetty\websocket\websocket-api\9.4.5.v20170502\websocket-api-9.4.5.v20170502.jar;C:\Users\lenovo\.m2\repository\org\eclipse\jetty\websocket\websocket-client\9.4.5.v20170502\websocket-client-9.4.5.v20170502.jar;C:\Users\lenovo\.m2\repository\org\eclipse\jetty\websocket\websocket-common\9.4.5.v20170502\websocket-common-9.4.5.v20170502.jar;C:\Users\lenovo\.m2\repository\xalan\serializer\2.7.2\serializer-2.7.2.jar;C:\Users\lenovo\.m2\repository\xalan\xalan\2.7.2\xalan-2.7.2.jar;C:\Users\lenovo\.m2\repository\xerces\xercesImpl\2.11.0\xercesImpl-2.11.0.jar;C:\Users\lenovo\.m2\repository\xml-apis\xml-apis\1.4.01\xml-apis-1.4.01.jar;C:\Users\lenovo\.m2\repository\log4j\log4j\1.2.17\log4j-1.2.17.jar;C:\Users\lenovo\.m2\repository\dom4j\dom4j\1.6.1\dom4j-1.6.1.jar;C:\Users\lenovo\.m2\repository\mysql\mysql-connector-java\5.1.38\mysql-connector-java-5.1.38.jar;C:\Users\lenovo\.m2\repository\junit\junit\4.10\junit-4.10.jar;C:\Users\lenovo\.m2\repository\org\testng\testng\6.8.8\testng-6.8.8.jar;C:\Users\lenovo\.m2\repository\org\beanshell\bsh\2.0b4\bsh-2.0b4.jar;C:\Users\lenovo\.m2\repository\com\beust\jcommander\1.27\jcommander-1.27.jar;C:\Users\lenovo\.m2\repository\org\apache\poi\poi-ooxml\3.15\poi-ooxml-3.15.jar;C:\Users\lenovo\.m2\repository\org\apache\poi\poi\3.15\poi-3.15.jar;C:\Users\lenovo\.m2\repository\org\apache\commons\commons-collections4\4.1\commons-collections4-4.1.jar;C:\Users\lenovo\.m2\repository\org\apache\poi\poi-ooxml-schemas\3.15\poi-ooxml-schemas-3.15.jar;C:\Users\lenovo\.m2\repository\org\apache\xmlbeans\xmlbeans\2.6.0\xmlbeans-2.6.0.jar;C:\Users\lenovo\.m2\repository\stax\stax-api\1.0.1\stax-api-1.0.1.jar;C:\Users\lenovo\.m2\repository\com\github\virtuald\curvesapi\1.04\curvesapi-1.04.jar;C:\Users\lenovo\.m2\repository\org\uncommons\reportng\1.1.4\reportng-1.1.4.jar;C:\Users\lenovo\.m2\repository\velocity\velocity\1.4\velocity-1.4.jar;C:\Users\lenovo\.m2\repository\velocity\velocity-dep\1.4\velocity-dep-1.4.jar;C:\Users\lenovo\.m2\repository\com\google\inject\guice\3.0\guice-3.0.jar;C:\Users\lenovo\.m2\repository\javax\inject\javax.inject\1\javax.inject-1.jar;C:\Users\lenovo\.m2\repository\aopalliance\aopalliance\1.0\aopalliance-1.0.jar;C:\Users\lenovo\.m2\repository\javax\mail\mail\1.5.0-b01\mail-1.5.0-b01.jar;C:\Users\lenovo\.m2\repository\javax\activation\activation\1.1\activation-1.1.jar;"/>
>>>>>>> branch 'master' of https://github.com/rodon557/home_repository.git
    <property name="java.specification.name" value="Java Platform API Specification"/>
    <property name="java.class.version" value="52.0"/>
    <property name="sun.management.compiler" value="HotSpot 64-Bit Tiered Compilers"/>
    <property name="os.version" value="6.1"/>
    <property name="user.home" value="C:\Users\bonree"/>
    <property name="user.timezone" value="Asia/Shanghai"/>
    <property name="java.awt.printerjob" value="sun.awt.windows.WPrinterJob"/>
    <property name="java.specification.version" value="1.8"/>
    <property name="file.encoding" value="UTF-8"/>
    <property name="webdriver.gecko.driver" value="src\\test\\resources\\geckodriver.exe"/>
<<<<<<< HEAD
    <property name="user.name" value="bonree"/>
    <property name="java.class.path" value="E:\bonree\test\home_repository\phoenix_web_1\target\test-classes;E:\bonree\test\home_repository\phoenix_web_1\target\classes;F:\Program Files\repository\org\seleniumhq\selenium\selenium-java\3.5.1\selenium-java-3.5.1.jar;F:\Program Files\repository\org\seleniumhq\selenium\selenium-api\3.5.1\selenium-api-3.5.1.jar;F:\Program Files\repository\org\seleniumhq\selenium\selenium-chrome-driver\3.5.1\selenium-chrome-driver-3.5.1.jar;F:\Program Files\repository\org\seleniumhq\selenium\selenium-edge-driver\3.5.1\selenium-edge-driver-3.5.1.jar;F:\Program Files\repository\org\seleniumhq\selenium\selenium-firefox-driver\3.5.1\selenium-firefox-driver-3.5.1.jar;F:\Program Files\repository\org\seleniumhq\selenium\selenium-ie-driver\3.5.1\selenium-ie-driver-3.5.1.jar;F:\Program Files\repository\org\seleniumhq\selenium\selenium-opera-driver\3.5.1\selenium-opera-driver-3.5.1.jar;F:\Program Files\repository\org\seleniumhq\selenium\selenium-remote-driver\3.5.1\selenium-remote-driver-3.5.1.jar;F:\Program Files\repository\org\seleniumhq\selenium\selenium-safari-driver\3.5.1\selenium-safari-driver-3.5.1.jar;F:\Program Files\repository\org\seleniumhq\selenium\selenium-support\3.5.1\selenium-support-3.5.1.jar;F:\Program Files\repository\cglib\cglib-nodep\3.2.4\cglib-nodep-3.2.4.jar;F:\Program Files\repository\org\apache\commons\commons-exec\1.3\commons-exec-1.3.jar;F:\Program Files\repository\org\apache\commons\commons-lang3\3.5\commons-lang3-3.5.jar;F:\Program Files\repository\commons-codec\commons-codec\1.10\commons-codec-1.10.jar;F:\Program Files\repository\commons-io\commons-io\2.5\commons-io-2.5.jar;F:\Program Files\repository\commons-logging\commons-logging\1.2\commons-logging-1.2.jar;F:\Program Files\repository\org\w3c\css\sac\1.3\sac-1.3.jar;F:\Program Files\repository\net\sourceforge\cssparser\cssparser\0.9.23\cssparser-0.9.23.jar;F:\Program Files\repository\com\google\code\gson\gson\2.8.0\gson-2.8.0.jar;F:\Program Files\repository\com\google\guava\guava\23.0\guava-23.0.jar;F:\Program Files\repository\com\google\code\findbugs\jsr305\1.3.9\jsr305-1.3.9.jar;F:\Program Files\repository\com\google\errorprone\error_prone_annotations\2.0.18\error_prone_annotations-2.0.18.jar;F:\Program Files\repository\com\google\j2objc\j2objc-annotations\1.1\j2objc-annotations-1.1.jar;F:\Program Files\repository\org\codehaus\mojo\animal-sniffer-annotations\1.14\animal-sniffer-annotations-1.14.jar;F:\Program Files\repository\org\hamcrest\hamcrest-core\1.3\hamcrest-core-1.3.jar;F:\Program Files\repository\net\sourceforge\htmlunit\htmlunit\2.27\htmlunit-2.27.jar;F:\Program Files\repository\net\sourceforge\htmlunit\htmlunit-core-js\2.27\htmlunit-core-js-2.27.jar;F:\Program Files\repository\net\sourceforge\htmlunit\neko-htmlunit\2.27\neko-htmlunit-2.27.jar;F:\Program Files\repository\org\apache\httpcomponents\httpclient\4.5.3\httpclient-4.5.3.jar;F:\Program Files\repository\org\apache\httpcomponents\httpcore\4.4.6\httpcore-4.4.6.jar;F:\Program Files\repository\org\apache\httpcomponents\httpmime\4.5.3\httpmime-4.5.3.jar;F:\Program Files\repository\org\eclipse\jetty\jetty-client\9.4.5.v20170502\jetty-client-9.4.5.v20170502.jar;F:\Program Files\repository\org\eclipse\jetty\jetty-http\9.4.5.v20170502\jetty-http-9.4.5.v20170502.jar;F:\Program Files\repository\org\eclipse\jetty\jetty-io\9.4.5.v20170502\jetty-io-9.4.5.v20170502.jar;F:\Program Files\repository\org\eclipse\jetty\jetty-util\9.4.5.v20170502\jetty-util-9.4.5.v20170502.jar;F:\Program Files\repository\net\java\dev\jna\jna\4.1.0\jna-4.1.0.jar;F:\Program Files\repository\net\java\dev\jna\jna-platform\4.1.0\jna-platform-4.1.0.jar;F:\Program Files\repository\com\codeborne\phantomjsdriver\1.4.0\phantomjsdriver-1.4.0.jar;F:\Program Files\repository\org\seleniumhq\selenium\htmlunit-driver\2.27\htmlunit-driver-2.27.jar;F:\Program Files\repository\javax\servlet\javax.servlet-api\3.1.0\javax.servlet-api-3.1.0.jar;F:\Program Files\repository\org\eclipse\jetty\websocket\websocket-api\9.4.5.v20170502\websocket-api-9.4.5.v20170502.jar;F:\Program Files\repository\org\eclipse\jetty\websocket\websocket-client\9.4.5.v20170502\websocket-client-9.4.5.v20170502.jar;F:\Program Files\repository\org\eclipse\jetty\websocket\websocket-common\9.4.5.v20170502\websocket-common-9.4.5.v20170502.jar;F:\Program Files\repository\xalan\serializer\2.7.2\serializer-2.7.2.jar;F:\Program Files\repository\xalan\xalan\2.7.2\xalan-2.7.2.jar;F:\Program Files\repository\xerces\xercesImpl\2.11.0\xercesImpl-2.11.0.jar;F:\Program Files\repository\xml-apis\xml-apis\1.4.01\xml-apis-1.4.01.jar;F:\Program Files\repository\log4j\log4j\1.2.17\log4j-1.2.17.jar;F:\Program Files\repository\dom4j\dom4j\1.6.1\dom4j-1.6.1.jar;F:\Program Files\repository\mysql\mysql-connector-java\5.1.38\mysql-connector-java-5.1.38.jar;F:\Program Files\repository\junit\junit\4.10\junit-4.10.jar;F:\Program Files\repository\org\testng\testng\6.8.8\testng-6.8.8.jar;F:\Program Files\repository\org\beanshell\bsh\2.0b4\bsh-2.0b4.jar;F:\Program Files\repository\com\beust\jcommander\1.27\jcommander-1.27.jar;F:\Program Files\repository\org\apache\poi\poi-ooxml\3.15\poi-ooxml-3.15.jar;F:\Program Files\repository\org\apache\poi\poi\3.15\poi-3.15.jar;F:\Program Files\repository\org\apache\commons\commons-collections4\4.1\commons-collections4-4.1.jar;F:\Program Files\repository\org\apache\poi\poi-ooxml-schemas\3.15\poi-ooxml-schemas-3.15.jar;F:\Program Files\repository\org\apache\xmlbeans\xmlbeans\2.6.0\xmlbeans-2.6.0.jar;F:\Program Files\repository\stax\stax-api\1.0.1\stax-api-1.0.1.jar;F:\Program Files\repository\com\github\virtuald\curvesapi\1.04\curvesapi-1.04.jar;F:\Program Files\repository\org\uncommons\reportng\1.1.4\reportng-1.1.4.jar;F:\Program Files\repository\velocity\velocity\1.4\velocity-1.4.jar;F:\Program Files\repository\velocity\velocity-dep\1.4\velocity-dep-1.4.jar;F:\Program Files\repository\com\google\inject\guice\3.0\guice-3.0.jar;F:\Program Files\repository\javax\inject\javax.inject\1\javax.inject-1.jar;F:\Program Files\repository\aopalliance\aopalliance\1.0\aopalliance-1.0.jar;F:\Program Files\repository\javax\mail\mail\1.5.0-b01\mail-1.5.0-b01.jar;F:\Program Files\repository\javax\activation\activation\1.1\activation-1.1.jar;"/>
=======
    <property name="user.name" value="lenovo"/>
    <property name="java.class.path" value="E:\Java_workspace\workspace002\home_repository\phoenix_web_1\target\test-classes;E:\Java_workspace\workspace002\home_repository\phoenix_web_1\target\classes;C:\Users\lenovo\.m2\repository\org\seleniumhq\selenium\selenium-java\3.5.1\selenium-java-3.5.1.jar;C:\Users\lenovo\.m2\repository\org\seleniumhq\selenium\selenium-api\3.5.1\selenium-api-3.5.1.jar;C:\Users\lenovo\.m2\repository\org\seleniumhq\selenium\selenium-chrome-driver\3.5.1\selenium-chrome-driver-3.5.1.jar;C:\Users\lenovo\.m2\repository\org\seleniumhq\selenium\selenium-edge-driver\3.5.1\selenium-edge-driver-3.5.1.jar;C:\Users\lenovo\.m2\repository\org\seleniumhq\selenium\selenium-firefox-driver\3.5.1\selenium-firefox-driver-3.5.1.jar;C:\Users\lenovo\.m2\repository\org\seleniumhq\selenium\selenium-ie-driver\3.5.1\selenium-ie-driver-3.5.1.jar;C:\Users\lenovo\.m2\repository\org\seleniumhq\selenium\selenium-opera-driver\3.5.1\selenium-opera-driver-3.5.1.jar;C:\Users\lenovo\.m2\repository\org\seleniumhq\selenium\selenium-remote-driver\3.5.1\selenium-remote-driver-3.5.1.jar;C:\Users\lenovo\.m2\repository\org\seleniumhq\selenium\selenium-safari-driver\3.5.1\selenium-safari-driver-3.5.1.jar;C:\Users\lenovo\.m2\repository\org\seleniumhq\selenium\selenium-support\3.5.1\selenium-support-3.5.1.jar;C:\Users\lenovo\.m2\repository\cglib\cglib-nodep\3.2.4\cglib-nodep-3.2.4.jar;C:\Users\lenovo\.m2\repository\org\apache\commons\commons-exec\1.3\commons-exec-1.3.jar;C:\Users\lenovo\.m2\repository\org\apache\commons\commons-lang3\3.5\commons-lang3-3.5.jar;C:\Users\lenovo\.m2\repository\commons-codec\commons-codec\1.10\commons-codec-1.10.jar;C:\Users\lenovo\.m2\repository\commons-io\commons-io\2.5\commons-io-2.5.jar;C:\Users\lenovo\.m2\repository\commons-logging\commons-logging\1.2\commons-logging-1.2.jar;C:\Users\lenovo\.m2\repository\org\w3c\css\sac\1.3\sac-1.3.jar;C:\Users\lenovo\.m2\repository\net\sourceforge\cssparser\cssparser\0.9.23\cssparser-0.9.23.jar;C:\Users\lenovo\.m2\repository\com\google\code\gson\gson\2.8.0\gson-2.8.0.jar;C:\Users\lenovo\.m2\repository\com\google\guava\guava\23.0\guava-23.0.jar;C:\Users\lenovo\.m2\repository\com\google\code\findbugs\jsr305\1.3.9\jsr305-1.3.9.jar;C:\Users\lenovo\.m2\repository\com\google\errorprone\error_prone_annotations\2.0.18\error_prone_annotations-2.0.18.jar;C:\Users\lenovo\.m2\repository\com\google\j2objc\j2objc-annotations\1.1\j2objc-annotations-1.1.jar;C:\Users\lenovo\.m2\repository\org\codehaus\mojo\animal-sniffer-annotations\1.14\animal-sniffer-annotations-1.14.jar;C:\Users\lenovo\.m2\repository\org\hamcrest\hamcrest-core\1.3\hamcrest-core-1.3.jar;C:\Users\lenovo\.m2\repository\net\sourceforge\htmlunit\htmlunit\2.27\htmlunit-2.27.jar;C:\Users\lenovo\.m2\repository\net\sourceforge\htmlunit\htmlunit-core-js\2.27\htmlunit-core-js-2.27.jar;C:\Users\lenovo\.m2\repository\net\sourceforge\htmlunit\neko-htmlunit\2.27\neko-htmlunit-2.27.jar;C:\Users\lenovo\.m2\repository\org\apache\httpcomponents\httpclient\4.5.3\httpclient-4.5.3.jar;C:\Users\lenovo\.m2\repository\org\apache\httpcomponents\httpcore\4.4.6\httpcore-4.4.6.jar;C:\Users\lenovo\.m2\repository\org\apache\httpcomponents\httpmime\4.5.3\httpmime-4.5.3.jar;C:\Users\lenovo\.m2\repository\org\eclipse\jetty\jetty-client\9.4.5.v20170502\jetty-client-9.4.5.v20170502.jar;C:\Users\lenovo\.m2\repository\org\eclipse\jetty\jetty-http\9.4.5.v20170502\jetty-http-9.4.5.v20170502.jar;C:\Users\lenovo\.m2\repository\org\eclipse\jetty\jetty-io\9.4.5.v20170502\jetty-io-9.4.5.v20170502.jar;C:\Users\lenovo\.m2\repository\org\eclipse\jetty\jetty-util\9.4.5.v20170502\jetty-util-9.4.5.v20170502.jar;C:\Users\lenovo\.m2\repository\net\java\dev\jna\jna\4.1.0\jna-4.1.0.jar;C:\Users\lenovo\.m2\repository\net\java\dev\jna\jna-platform\4.1.0\jna-platform-4.1.0.jar;C:\Users\lenovo\.m2\repository\com\codeborne\phantomjsdriver\1.4.0\phantomjsdriver-1.4.0.jar;C:\Users\lenovo\.m2\repository\org\seleniumhq\selenium\htmlunit-driver\2.27\htmlunit-driver-2.27.jar;C:\Users\lenovo\.m2\repository\javax\servlet\javax.servlet-api\3.1.0\javax.servlet-api-3.1.0.jar;C:\Users\lenovo\.m2\repository\org\eclipse\jetty\websocket\websocket-api\9.4.5.v20170502\websocket-api-9.4.5.v20170502.jar;C:\Users\lenovo\.m2\repository\org\eclipse\jetty\websocket\websocket-client\9.4.5.v20170502\websocket-client-9.4.5.v20170502.jar;C:\Users\lenovo\.m2\repository\org\eclipse\jetty\websocket\websocket-common\9.4.5.v20170502\websocket-common-9.4.5.v20170502.jar;C:\Users\lenovo\.m2\repository\xalan\serializer\2.7.2\serializer-2.7.2.jar;C:\Users\lenovo\.m2\repository\xalan\xalan\2.7.2\xalan-2.7.2.jar;C:\Users\lenovo\.m2\repository\xerces\xercesImpl\2.11.0\xercesImpl-2.11.0.jar;C:\Users\lenovo\.m2\repository\xml-apis\xml-apis\1.4.01\xml-apis-1.4.01.jar;C:\Users\lenovo\.m2\repository\log4j\log4j\1.2.17\log4j-1.2.17.jar;C:\Users\lenovo\.m2\repository\dom4j\dom4j\1.6.1\dom4j-1.6.1.jar;C:\Users\lenovo\.m2\repository\mysql\mysql-connector-java\5.1.38\mysql-connector-java-5.1.38.jar;C:\Users\lenovo\.m2\repository\junit\junit\4.10\junit-4.10.jar;C:\Users\lenovo\.m2\repository\org\testng\testng\6.8.8\testng-6.8.8.jar;C:\Users\lenovo\.m2\repository\org\beanshell\bsh\2.0b4\bsh-2.0b4.jar;C:\Users\lenovo\.m2\repository\com\beust\jcommander\1.27\jcommander-1.27.jar;C:\Users\lenovo\.m2\repository\org\apache\poi\poi-ooxml\3.15\poi-ooxml-3.15.jar;C:\Users\lenovo\.m2\repository\org\apache\poi\poi\3.15\poi-3.15.jar;C:\Users\lenovo\.m2\repository\org\apache\commons\commons-collections4\4.1\commons-collections4-4.1.jar;C:\Users\lenovo\.m2\repository\org\apache\poi\poi-ooxml-schemas\3.15\poi-ooxml-schemas-3.15.jar;C:\Users\lenovo\.m2\repository\org\apache\xmlbeans\xmlbeans\2.6.0\xmlbeans-2.6.0.jar;C:\Users\lenovo\.m2\repository\stax\stax-api\1.0.1\stax-api-1.0.1.jar;C:\Users\lenovo\.m2\repository\com\github\virtuald\curvesapi\1.04\curvesapi-1.04.jar;C:\Users\lenovo\.m2\repository\org\uncommons\reportng\1.1.4\reportng-1.1.4.jar;C:\Users\lenovo\.m2\repository\velocity\velocity\1.4\velocity-1.4.jar;C:\Users\lenovo\.m2\repository\velocity\velocity-dep\1.4\velocity-dep-1.4.jar;C:\Users\lenovo\.m2\repository\com\google\inject\guice\3.0\guice-3.0.jar;C:\Users\lenovo\.m2\repository\javax\inject\javax.inject\1\javax.inject-1.jar;C:\Users\lenovo\.m2\repository\aopalliance\aopalliance\1.0\aopalliance-1.0.jar;C:\Users\lenovo\.m2\repository\javax\mail\mail\1.5.0-b01\mail-1.5.0-b01.jar;C:\Users\lenovo\.m2\repository\javax\activation\activation\1.1\activation-1.1.jar;"/>
>>>>>>> branch 'master' of https://github.com/rodon557/home_repository.git
    <property name="java.vm.specification.version" value="1.8"/>
    <property name="sun.arch.data.model" value="64"/>
<<<<<<< HEAD
    <property name="java.home" value="D:\JAVA\jdk_1.80\jre"/>
    <property name="sun.java.command" value="E:\bonree\test\home_repository\phoenix_web_1\target\surefire\surefirebooter8490591093707624485.jar E:\bonree\test\home_repository\phoenix_web_1\target\surefire\surefire3741806540229088746tmp E:\bonree\test\home_repository\phoenix_web_1\target\surefire\surefire6014902982537623870tmp"/>
=======
    <property name="java.home" value="D:\Program Files\Java\jdk_1.80\jre"/>
    <property name="sun.java.command" value="E:\Java_workspace\workspace002\home_repository\phoenix_web_1\target\surefire\surefirebooter5826258579393137740.jar E:\Java_workspace\workspace002\home_repository\phoenix_web_1\target\surefire\surefire7961923435612327522tmp E:\Java_workspace\workspace002\home_repository\phoenix_web_1\target\surefire\surefire3482452821106084245tmp"/>
>>>>>>> branch 'master' of https://github.com/rodon557/home_repository.git
    <property name="java.specification.vendor" value="Oracle Corporation"/>
    <property name="user.language" value="zh"/>
    <property name="awt.toolkit" value="sun.awt.windows.WToolkit"/>
    <property name="java.vm.info" value="mixed mode"/>
    <property name="java.version" value="1.8.0_121"/>
    <property name="java.ext.dirs" value="D:\JAVA\jdk_1.80\jre\lib\ext;C:\Windows\Sun\Java\lib\ext"/>
    <property name="sun.boot.class.path" value="D:\JAVA\jdk_1.80\jre\lib\resources.jar;D:\JAVA\jdk_1.80\jre\lib\rt.jar;D:\JAVA\jdk_1.80\jre\lib\sunrsasign.jar;D:\JAVA\jdk_1.80\jre\lib\jsse.jar;D:\JAVA\jdk_1.80\jre\lib\jce.jar;D:\JAVA\jdk_1.80\jre\lib\charsets.jar;D:\JAVA\jdk_1.80\jre\lib\jfr.jar;D:\JAVA\jdk_1.80\jre\classes"/>
    <property name="java.vendor" value="Oracle Corporation"/>
    <property name="org.uncommons.reportng.escape-output" value="false"/>
<<<<<<< HEAD
    <property name="localRepository" value="F:\Program Files\repository"/>
=======
    <property name="localRepository" value="C:\Users\lenovo\.m2\repository"/>
>>>>>>> branch 'master' of https://github.com/rodon557/home_repository.git
    <property name="file.separator" value="\"/>
    <property name="java.vendor.url.bug" value="http://bugreport.sun.com/bugreport/"/>
    <property name="sun.cpu.endian" value="little"/>
    <property name="sun.io.unicode.encoding" value="UnicodeLittle"/>
    <property name="sun.desktop" value="windows"/>
    <property name="sun.cpu.isalist" value="amd64"/>
  </properties>
<<<<<<< HEAD
  <testcase classname="com.lemon.phoenix.RegisterPage" name="testSuccessdatas" time="6.819">
    <failure message="Reached error page: about:neterror?e=connectionFailure&amp;u=http%3A//39.108.136.60%3A8380/lmcanon_web_auto/mng/register.html&amp;c=UTF-8&amp;f=regular&amp;d=Firefox%20%E6%97%A0%E6%B3%95%E5%BB%BA%E7%AB%8B%E5%88%B0%2039.108.136.60%3A8380%20%E6%9C%8D%E5%8A%A1%E5%99%A8%E7%9A%84%E8%BF%9E%E6%8E%A5%E3%80%82
Build info: version: &apos;3.5.1&apos;, revision: &apos;9c21bb67ef&apos;, time: &apos;2017-08-17T15:26:08.955Z&apos;
System info: host: &apos;BONREE-PC&apos;, ip: &apos;5.5.12.3&apos;, os.name: &apos;Windows 7&apos;, os.arch: &apos;amd64&apos;, os.version: &apos;6.1&apos;, java.version: &apos;1.8.0_121&apos;
Driver info: org.openqa.selenium.firefox.FirefoxDriver
Capabilities [{moz:profile=C:\Users\bonree\AppData\Local\Temp\rust_mozprofile.53TDuqnno42g, rotatable=false, timeouts={implicit=0.0, pageLoad=300000.0, script=30000.0}, pageLoadStrategy=normal, moz:headless=false, platform=ANY, specificationLevel=0.0, moz:accessibilityChecks=false, acceptInsecureCerts=false, browserVersion=56.0.1, platformVersion=6.1, moz:processID=17200.0, browserName=firefox, javascriptEnabled=true, platformName=windows_nt}]
Session ID: b56d70c0-73a0-45d2-9535-84aa9f597b6c" type="org.openqa.selenium.WebDriverException">org.openqa.selenium.WebDriverException: Reached error page: about:neterror?e=connectionFailure&amp;u=http%3A//39.108.136.60%3A8380/lmcanon_web_auto/mng/register.html&amp;c=UTF-8&amp;f=regular&amp;d=Firefox%20%E6%97%A0%E6%B3%95%E5%BB%BA%E7%AB%8B%E5%88%B0%2039.108.136.60%3A8380%20%E6%9C%8D%E5%8A%A1%E5%99%A8%E7%9A%84%E8%BF%9E%E6%8E%A5%E3%80%82
Build info: version: &apos;3.5.1&apos;, revision: &apos;9c21bb67ef&apos;, time: &apos;2017-08-17T15:26:08.955Z&apos;
System info: host: &apos;BONREE-PC&apos;, ip: &apos;5.5.12.3&apos;, os.name: &apos;Windows 7&apos;, os.arch: &apos;amd64&apos;, os.version: &apos;6.1&apos;, java.version: &apos;1.8.0_121&apos;
Driver info: org.openqa.selenium.firefox.FirefoxDriver
Capabilities [{moz:profile=C:\Users\bonree\AppData\Local\Temp\rust_mozprofile.53TDuqnno42g, rotatable=false, timeouts={implicit=0.0, pageLoad=300000.0, script=30000.0}, pageLoadStrategy=normal, moz:headless=false, platform=ANY, specificationLevel=0.0, moz:accessibilityChecks=false, acceptInsecureCerts=false, browserVersion=56.0.1, platformVersion=6.1, moz:processID=17200.0, browserName=firefox, javascriptEnabled=true, platformName=windows_nt}]
Session ID: b56d70c0-73a0-45d2-9535-84aa9f597b6c
	at sun.reflect.NativeConstructorAccessorImpl.newInstance0(Native Method)
	at sun.reflect.NativeConstructorAccessorImpl.newInstance(NativeConstructorAccessorImpl.java:62)
	at sun.reflect.DelegatingConstructorAccessorImpl.newInstance(DelegatingConstructorAccessorImpl.java:45)
	at java.lang.reflect.Constructor.newInstance(Constructor.java:423)
	at org.openqa.selenium.remote.http.W3CHttpResponseCodec.createException(W3CHttpResponseCodec.java:185)
	at org.openqa.selenium.remote.http.W3CHttpResponseCodec.decode(W3CHttpResponseCodec.java:120)
	at org.openqa.selenium.remote.http.W3CHttpResponseCodec.decode(W3CHttpResponseCodec.java:49)
	at org.openqa.selenium.remote.HttpCommandExecutor.execute(HttpCommandExecutor.java:164)
	at org.openqa.selenium.remote.service.DriverCommandExecutor.execute(DriverCommandExecutor.java:82)
	at org.openqa.selenium.remote.RemoteWebDriver.execute(RemoteWebDriver.java:641)
	at org.openqa.selenium.remote.RemoteWebDriver.get(RemoteWebDriver.java:368)
	at org.openqa.selenium.remote.RemoteWebDriver$RemoteNavigation.to(RemoteWebDriver.java:949)
	at com.lemon.phoenix.Base.to(Base.java:209)
	at com.lemon.phoenix.RegisterPage.testSuccessdatas(RegisterPage.java:35)
</failure>
    <system-out>@HL
@HL-------------------------------------------------------
@HL T E S T S
@HL-------------------------------------------------------
@SLRunning TestSuite
[INFO] 2018-02-24 15:23:59 method: com.lemon.phoenix.Base.setUp(Base.java:34)----*************************开始测试********************************
[INFO] 2018-02-24 15:23:59 method: com.lemon.phoenix.Base.setUp(Base.java:35)----初始化浏览器驱动，浏览器类型是firefox，驱动路径是:src\\test\\resources\\geckodriver.exe
[INFO] 2018-02-24 15:24:29 method: com.lemon.phoenix.Base.setUp(Base.java:39)----创建了firefox驱动
</system-out>
    <system-err>二月 24, 2018 3:24:29 下午 org.openqa.selenium.remote.ProtocolHandshake createSession
=======
  <testcase classname="com.lemon.phoenix.RegisterPage" name="testSuccessdatas" time="8.646">
    <failure message="Reached error page: about:neterror?e=connectionFailure&amp;u=http%3A//39.108.136.60%3A8380/lmcanon_web_auto/mng/register.html&amp;c=UTF-8&amp;f=regular&amp;d=Firefox%20%E6%97%A0%E6%B3%95%E5%BB%BA%E7%AB%8B%E5%88%B0%2039.108.136.60%3A8380%20%E6%9C%8D%E5%8A%A1%E5%99%A8%E7%9A%84%E8%BF%9E%E6%8E%A5%E3%80%82
Build info: version: &apos;3.5.1&apos;, revision: &apos;9c21bb67ef&apos;, time: &apos;2017-08-17T15:26:08.955Z&apos;
System info: host: &apos;LAPTOP-MSML1B66&apos;, ip: &apos;192.168.86.1&apos;, os.name: &apos;Windows 10&apos;, os.arch: &apos;amd64&apos;, os.version: &apos;10.0&apos;, java.version: &apos;1.8.0_121&apos;
Driver info: org.openqa.selenium.firefox.FirefoxDriver
Capabilities [{moz:profile=C:\Users\lenovo\AppData\Local\Temp\rust_mozprofile.RAaViAQmSKjS, rotatable=false, timeouts={implicit=0.0, pageLoad=300000.0, script=30000.0}, pageLoadStrategy=normal, moz:headless=false, platform=ANY, specificationLevel=0.0, moz:accessibilityChecks=false, acceptInsecureCerts=false, browserVersion=56.0, platformVersion=10.0, moz:processID=17712.0, browserName=firefox, javascriptEnabled=true, platformName=windows_nt}]
Session ID: 9d53b6a8-b5ed-49bd-9404-6a217eccd573" type="org.openqa.selenium.WebDriverException">org.openqa.selenium.WebDriverException: Reached error page: about:neterror?e=connectionFailure&amp;u=http%3A//39.108.136.60%3A8380/lmcanon_web_auto/mng/register.html&amp;c=UTF-8&amp;f=regular&amp;d=Firefox%20%E6%97%A0%E6%B3%95%E5%BB%BA%E7%AB%8B%E5%88%B0%2039.108.136.60%3A8380%20%E6%9C%8D%E5%8A%A1%E5%99%A8%E7%9A%84%E8%BF%9E%E6%8E%A5%E3%80%82
Build info: version: &apos;3.5.1&apos;, revision: &apos;9c21bb67ef&apos;, time: &apos;2017-08-17T15:26:08.955Z&apos;
System info: host: &apos;LAPTOP-MSML1B66&apos;, ip: &apos;192.168.86.1&apos;, os.name: &apos;Windows 10&apos;, os.arch: &apos;amd64&apos;, os.version: &apos;10.0&apos;, java.version: &apos;1.8.0_121&apos;
Driver info: org.openqa.selenium.firefox.FirefoxDriver
Capabilities [{moz:profile=C:\Users\lenovo\AppData\Local\Temp\rust_mozprofile.RAaViAQmSKjS, rotatable=false, timeouts={implicit=0.0, pageLoad=300000.0, script=30000.0}, pageLoadStrategy=normal, moz:headless=false, platform=ANY, specificationLevel=0.0, moz:accessibilityChecks=false, acceptInsecureCerts=false, browserVersion=56.0, platformVersion=10.0, moz:processID=17712.0, browserName=firefox, javascriptEnabled=true, platformName=windows_nt}]
Session ID: 9d53b6a8-b5ed-49bd-9404-6a217eccd573
	at sun.reflect.NativeConstructorAccessorImpl.newInstance0(Native Method)
	at sun.reflect.NativeConstructorAccessorImpl.newInstance(NativeConstructorAccessorImpl.java:62)
	at sun.reflect.DelegatingConstructorAccessorImpl.newInstance(DelegatingConstructorAccessorImpl.java:45)
	at java.lang.reflect.Constructor.newInstance(Constructor.java:423)
	at org.openqa.selenium.remote.http.W3CHttpResponseCodec.createException(W3CHttpResponseCodec.java:185)
	at org.openqa.selenium.remote.http.W3CHttpResponseCodec.decode(W3CHttpResponseCodec.java:120)
	at org.openqa.selenium.remote.http.W3CHttpResponseCodec.decode(W3CHttpResponseCodec.java:49)
	at org.openqa.selenium.remote.HttpCommandExecutor.execute(HttpCommandExecutor.java:164)
	at org.openqa.selenium.remote.service.DriverCommandExecutor.execute(DriverCommandExecutor.java:82)
	at org.openqa.selenium.remote.RemoteWebDriver.execute(RemoteWebDriver.java:641)
	at org.openqa.selenium.remote.RemoteWebDriver.get(RemoteWebDriver.java:368)
	at org.openqa.selenium.remote.RemoteWebDriver$RemoteNavigation.to(RemoteWebDriver.java:949)
	at com.lemon.phoenix.Base.to(Base.java:208)
	at com.lemon.phoenix.RegisterPage.testSuccessdatas(RegisterPage.java:35)
</failure>
    <system-out>@HL
@HL-------------------------------------------------------
@HL T E S T S
@HL-------------------------------------------------------
@SLRunning TestSuite
[INFO] 2018-02-24 11:32:03 method: com.lemon.phoenix.Base.setUp(Base.java:34)----*************************寮�濮嬫祴璇�********************************
[INFO] 2018-02-24 11:32:03 method: com.lemon.phoenix.Base.setUp(Base.java:35)----鍒濆鍖栨祻瑙堝櫒椹卞姩锛屾祻瑙堝櫒绫诲瀷鏄�firefox锛岄┍鍔ㄨ矾寰勬槸:src\\test\\resources\\geckodriver.exe
[INFO] 2018-02-24 11:33:01 method: com.lemon.phoenix.Base.setUp(Base.java:39)----鍒涘缓浜唂irefox椹卞姩
</system-out>
    <system-err>二月 24, 2018 11:33:01 上午 org.openqa.selenium.remote.ProtocolHandshake createSession
>>>>>>> branch 'master' of https://github.com/rodon557/home_repository.git
信息: Detected dialect: W3C
</system-err>
  </testcase>
</testsuite>