<?xml version="1.0" encoding="UTF-8"?>
<!-- Generated by org.testng.reporters.JUnitReportReporter -->
<testsuite hostname="bonree-PC" name="com.lemon.phoenix.interfaces.RegisterInterface" tests="6" failures="0" timestamp="12 Mar 2018 08:25:42 GMT" time="2.675" errors="0">
  <testcase name="test1" time="0.046" classname="com.lemon.phoenix.interfaces.RegisterInterface"/>
  <testcase name="test1" time="0.046" classname="com.lemon.phoenix.interfaces.RegisterInterface"/>
  <testcase name="test1" time="0.222" classname="com.lemon.phoenix.interfaces.RegisterInterface"/>
  <testcase name="test1" time="0.047" classname="com.lemon.phoenix.interfaces.RegisterInterface"/>
  <testcase name="test1" time="2.266" classname="com.lemon.phoenix.interfaces.RegisterInterface"/>
  <testcase name="test1" time="0.048" classname="com.lemon.phoenix.interfaces.RegisterInterface"/>
</testsuite> <!-- com.lemon.phoenix.interfaces.RegisterInterface -->
