<?xml version="1.0" encoding="UTF-8"?>
<!-- Generated by org.testng.reporters.JUnitReportReporter -->
<testsuite hostname="bonree-PC" name="com.lemon.phoenix.interfaces.RegisterInterface" tests="6" failures="0" timestamp="3 Apr 2018 09:42:21 GMT" time="1.786" errors="0">
  <testcase name="test1" time="0.048" classname="com.lemon.phoenix.interfaces.RegisterInterface"/>
  <testcase name="test1" time="0.047" classname="com.lemon.phoenix.interfaces.RegisterInterface"/>
  <testcase name="test1" time="0.253" classname="com.lemon.phoenix.interfaces.RegisterInterface"/>
  <testcase name="test1" time="0.050" classname="com.lemon.phoenix.interfaces.RegisterInterface"/>
  <testcase name="test1" time="1.340" classname="com.lemon.phoenix.interfaces.RegisterInterface"/>
  <testcase name="test1" time="0.048" classname="com.lemon.phoenix.interfaces.RegisterInterface"/>
</testsuite> <!-- com.lemon.phoenix.interfaces.RegisterInterface -->
