<?xml version="1.0" encoding="UTF-8"?>
<!-- Generated by org.testng.reporters.JUnitReportReporter -->
<testsuite hostname="LAPTOP-MSML1B66" name="com.lemon.phoenix.interfaces.RegisterInterface" tests="1" failures="0" timestamp="22 Feb 2018 10:47:57 GMT" time="1.692" errors="0">
  <testcase name="test1" time="1.692" classname="com.lemon.phoenix.interfaces.RegisterInterface"/>
</testsuite> <!-- com.lemon.phoenix.interfaces.RegisterInterface -->
