<?xml version="1.0" encoding="UTF-8"?>
<!-- Generated by org.testng.reporters.JUnitReportReporter -->
<testsuite hostname="LAPTOP-MSML1B66" name="com.lemon.phoenix.interfaces.MemberListInterface" tests="1" failures="0" timestamp="4 Feb 2018 08:22:02 GMT" time="0.845" errors="0">
  <testcase name="list" time="0.845" classname="com.lemon.phoenix.interfaces.MemberListInterface"/>
</testsuite> <!-- com.lemon.phoenix.interfaces.MemberListInterface -->
