<?xml version="1.0" encoding="UTF-8"?>
<!-- Generated by org.testng.reporters.JUnitReportReporter -->
<testsuite hostname="bonree-PC" name="com.lemon.phoenix.interfaces.MemberListInterface" tests="1" failures="0" timestamp="24 Feb 2018 08:56:47 GMT" time="1.753" errors="0">
  <testcase name="list" time="1.753" classname="com.lemon.phoenix.interfaces.MemberListInterface"/>
</testsuite> <!-- com.lemon.phoenix.interfaces.MemberListInterface -->
