<?xml version="1.0" encoding="UTF-8"?>
<!-- Generated by org.testng.reporters.JUnitReportReporter -->
<testsuite hostname="bonree-PC" name="com.lemon.phoenix.interfaces.RegisterInterface" tests="6" failures="0" timestamp="19 Mar 2018 12:38:56 GMT" time="1.779" errors="0">
  <testcase name="test1" time="0.048" classname="com.lemon.phoenix.interfaces.RegisterInterface"/>
  <testcase name="test1" time="0.046" classname="com.lemon.phoenix.interfaces.RegisterInterface"/>
  <testcase name="test1" time="0.219" classname="com.lemon.phoenix.interfaces.RegisterInterface"/>
  <testcase name="test1" time="0.046" classname="com.lemon.phoenix.interfaces.RegisterInterface"/>
  <testcase name="test1" time="1.373" classname="com.lemon.phoenix.interfaces.RegisterInterface"/>
  <testcase name="test1" time="0.047" classname="com.lemon.phoenix.interfaces.RegisterInterface"/>
</testsuite> <!-- com.lemon.phoenix.interfaces.RegisterInterface -->
