<?xml version="1.0" encoding="UTF-8"?>
<!-- Generated by org.testng.reporters.JUnitReportReporter -->
<testsuite hostname="LAPTOP-MSML1B66" name="com.lemon.phoenix.interfaces.RegisterInterface" tests="6" failures="0" timestamp="17 Mar 2018 02:32:08 GMT" time="2.573" errors="0">
  <testcase name="test1" time="0.086" classname="com.lemon.phoenix.interfaces.RegisterInterface"/>
  <testcase name="test1" time="0.095" classname="com.lemon.phoenix.interfaces.RegisterInterface"/>
  <testcase name="test1" time="0.492" classname="com.lemon.phoenix.interfaces.RegisterInterface"/>
  <testcase name="test1" time="0.091" classname="com.lemon.phoenix.interfaces.RegisterInterface"/>
  <testcase name="test1" time="1.691" classname="com.lemon.phoenix.interfaces.RegisterInterface"/>
  <testcase name="test1" time="0.118" classname="com.lemon.phoenix.interfaces.RegisterInterface"/>
</testsuite> <!-- com.lemon.phoenix.interfaces.RegisterInterface -->
