<?xml version="1.0" encoding="UTF-8"?>
<!-- Generated by org.testng.reporters.JUnitReportReporter -->
<<<<<<< HEAD
<testsuite hostname="LAPTOP-MSML1B66" name="com.lemon.phoenix.interfaces.RegisterInterface" tests="6" failures="0" timestamp="17 Mar 2018 02:32:08 GMT" time="2.573" errors="0">
  <testcase name="test1" time="0.086" classname="com.lemon.phoenix.interfaces.RegisterInterface"/>
  <testcase name="test1" time="0.095" classname="com.lemon.phoenix.interfaces.RegisterInterface"/>
  <testcase name="test1" time="0.492" classname="com.lemon.phoenix.interfaces.RegisterInterface"/>
  <testcase name="test1" time="0.091" classname="com.lemon.phoenix.interfaces.RegisterInterface"/>
  <testcase name="test1" time="1.691" classname="com.lemon.phoenix.interfaces.RegisterInterface"/>
  <testcase name="test1" time="0.118" classname="com.lemon.phoenix.interfaces.RegisterInterface"/>
=======
<testsuite hostname="bonree-PC" name="com.lemon.phoenix.interfaces.RegisterInterface" tests="6" failures="0" timestamp="19 Mar 2018 12:38:56 GMT" time="1.779" errors="0">
  <testcase name="test1" time="0.048" classname="com.lemon.phoenix.interfaces.RegisterInterface"/>
  <testcase name="test1" time="0.046" classname="com.lemon.phoenix.interfaces.RegisterInterface"/>
  <testcase name="test1" time="0.219" classname="com.lemon.phoenix.interfaces.RegisterInterface"/>
  <testcase name="test1" time="0.046" classname="com.lemon.phoenix.interfaces.RegisterInterface"/>
  <testcase name="test1" time="1.373" classname="com.lemon.phoenix.interfaces.RegisterInterface"/>
  <testcase name="test1" time="0.047" classname="com.lemon.phoenix.interfaces.RegisterInterface"/>
>>>>>>> ab7cd143ec826d59624548efbefa5cc465a285e2
</testsuite> <!-- com.lemon.phoenix.interfaces.RegisterInterface -->
