<?xml version="1.0" encoding="UTF-8"?>
<!-- Generated by org.testng.reporters.JUnitReportReporter -->
<testsuite hostname="bonree-PC" name="com.lemon.phoenix.interfaces.RegisterInterface" tests="1" failures="0" timestamp="24 Feb 2018 08:57:11 GMT" time="0.622" errors="0">
  <testcase name="test1" time="0.622" classname="com.lemon.phoenix.interfaces.RegisterInterface"/>
</testsuite> <!-- com.lemon.phoenix.interfaces.RegisterInterface -->
