<?xml version="1.0" encoding="UTF-8"?>
<!-- Generated by org.testng.reporters.JUnitReportReporter -->
<testsuite hostname="LAPTOP-MSML1B66" name="com.lemon.phoenix.RegisterPage" tests="1" failures="0" timestamp="28 Jan 2018 13:36:52 GMT" time="45.490" errors="0">
  <testcase name="testSuccessdatas" time="45.490" classname="com.lemon.phoenix.RegisterPage"/>
</testsuite> <!-- com.lemon.phoenix.RegisterPage -->
